Apache Maven 3.6.3 (cecedd343002696d0abb50b32b541b8a6ba2883f)
Maven home: C:\apache-maven-3.6.3-bin\apache-maven-3.6.3\bin\..
Java version: 1.8.0_202, vendor: Oracle Corporation, runtime: C:\Program Files\Java\jdk1.8.0_202\jre
Default locale: en_IN, platform encoding: Cp1252
OS name: "windows 10", version: "10.0", arch: "amd64", family: "windows"
[DEBUG] Created new class realm maven.api
[DEBUG] Importing foreign packages into class realm maven.api
[DEBUG]   Imported: javax.annotation.* < plexus.core
[DEBUG]   Imported: javax.annotation.security.* < plexus.core
[DEBUG]   Imported: javax.enterprise.inject.* < plexus.core
[DEBUG]   Imported: javax.enterprise.util.* < plexus.core
[DEBUG]   Imported: javax.inject.* < plexus.core
[DEBUG]   Imported: org.apache.maven.* < plexus.core
[DEBUG]   Imported: org.apache.maven.artifact < plexus.core
[DEBUG]   Imported: org.apache.maven.classrealm < plexus.core
[DEBUG]   Imported: org.apache.maven.cli < plexus.core
[DEBUG]   Imported: org.apache.maven.configuration < plexus.core
[DEBUG]   Imported: org.apache.maven.exception < plexus.core
[DEBUG]   Imported: org.apache.maven.execution < plexus.core
[DEBUG]   Imported: org.apache.maven.execution.scope < plexus.core
[DEBUG]   Imported: org.apache.maven.lifecycle < plexus.core
[DEBUG]   Imported: org.apache.maven.model < plexus.core
[DEBUG]   Imported: org.apache.maven.monitor < plexus.core
[DEBUG]   Imported: org.apache.maven.plugin < plexus.core
[DEBUG]   Imported: org.apache.maven.profiles < plexus.core
[DEBUG]   Imported: org.apache.maven.project < plexus.core
[DEBUG]   Imported: org.apache.maven.reporting < plexus.core
[DEBUG]   Imported: org.apache.maven.repository < plexus.core
[DEBUG]   Imported: org.apache.maven.rtinfo < plexus.core
[DEBUG]   Imported: org.apache.maven.settings < plexus.core
[DEBUG]   Imported: org.apache.maven.toolchain < plexus.core
[DEBUG]   Imported: org.apache.maven.usability < plexus.core
[DEBUG]   Imported: org.apache.maven.wagon.* < plexus.core
[DEBUG]   Imported: org.apache.maven.wagon.authentication < plexus.core
[DEBUG]   Imported: org.apache.maven.wagon.authorization < plexus.core
[DEBUG]   Imported: org.apache.maven.wagon.events < plexus.core
[DEBUG]   Imported: org.apache.maven.wagon.observers < plexus.core
[DEBUG]   Imported: org.apache.maven.wagon.proxy < plexus.core
[DEBUG]   Imported: org.apache.maven.wagon.repository < plexus.core
[DEBUG]   Imported: org.apache.maven.wagon.resource < plexus.core
[DEBUG]   Imported: org.codehaus.classworlds < plexus.core
[DEBUG]   Imported: org.codehaus.plexus.* < plexus.core
[DEBUG]   Imported: org.codehaus.plexus.classworlds < plexus.core
[DEBUG]   Imported: org.codehaus.plexus.component < plexus.core
[DEBUG]   Imported: org.codehaus.plexus.configuration < plexus.core
[DEBUG]   Imported: org.codehaus.plexus.container < plexus.core
[DEBUG]   Imported: org.codehaus.plexus.context < plexus.core
[DEBUG]   Imported: org.codehaus.plexus.lifecycle < plexus.core
[DEBUG]   Imported: org.codehaus.plexus.logging < plexus.core
[DEBUG]   Imported: org.codehaus.plexus.personality < plexus.core
[DEBUG]   Imported: org.codehaus.plexus.util.xml.Xpp3Dom < plexus.core
[DEBUG]   Imported: org.codehaus.plexus.util.xml.pull.XmlPullParser < plexus.core
[DEBUG]   Imported: org.codehaus.plexus.util.xml.pull.XmlPullParserException < plexus.core
[DEBUG]   Imported: org.codehaus.plexus.util.xml.pull.XmlSerializer < plexus.core
[DEBUG]   Imported: org.eclipse.aether.* < plexus.core
[DEBUG]   Imported: org.eclipse.aether.artifact < plexus.core
[DEBUG]   Imported: org.eclipse.aether.collection < plexus.core
[DEBUG]   Imported: org.eclipse.aether.deployment < plexus.core
[DEBUG]   Imported: org.eclipse.aether.graph < plexus.core
[DEBUG]   Imported: org.eclipse.aether.impl < plexus.core
[DEBUG]   Imported: org.eclipse.aether.installation < plexus.core
[DEBUG]   Imported: org.eclipse.aether.internal.impl < plexus.core
[DEBUG]   Imported: org.eclipse.aether.metadata < plexus.core
[DEBUG]   Imported: org.eclipse.aether.repository < plexus.core
[DEBUG]   Imported: org.eclipse.aether.resolution < plexus.core
[DEBUG]   Imported: org.eclipse.aether.spi < plexus.core
[DEBUG]   Imported: org.eclipse.aether.transfer < plexus.core
[DEBUG]   Imported: org.eclipse.aether.version < plexus.core
[DEBUG]   Imported: org.fusesource.jansi.* < plexus.core
[DEBUG]   Imported: org.slf4j.* < plexus.core
[DEBUG]   Imported: org.slf4j.event.* < plexus.core
[DEBUG]   Imported: org.slf4j.helpers.* < plexus.core
[DEBUG]   Imported: org.slf4j.spi.* < plexus.core
[DEBUG] Populating class realm maven.api
[INFO] Error stacktraces are turned on.
[DEBUG] Message scheme: color
[DEBUG] Message styles: debug info warning error success failure strong mojo project
[DEBUG] Reading global settings from C:\apache-maven-3.6.3-bin\apache-maven-3.6.3\bin\..\conf\settings.xml
[DEBUG] Reading user settings from C:\Users\Rai Sigh\.m2\settings.xml
[DEBUG] Reading global toolchains from C:\apache-maven-3.6.3-bin\apache-maven-3.6.3\bin\..\conf\toolchains.xml
[DEBUG] Reading user toolchains from C:\Users\Rai Sigh\.m2\toolchains.xml
[DEBUG] Using local repository at C:\Users\Rai Sigh\.m2\repository
[DEBUG] Using manager EnhancedLocalRepositoryManager with priority 10.0 for C:\Users\Rai Sigh\.m2\repository
[INFO] Scanning for projects...
[DEBUG] Extension realms for project com.mirketa.selenium:rrd:jar:0.0.1-SNAPSHOT: (none)
[DEBUG] Looking up lifecycle mappings for packaging jar from ClassRealm[plexus.core, parent: null]
[DEBUG] === REACTOR BUILD PLAN ================================================
[DEBUG] Project: com.mirketa.selenium:rrd:jar:0.0.1-SNAPSHOT
[DEBUG] Tasks:   [package]
[DEBUG] Style:   Regular
[DEBUG] =======================================================================
[INFO] 
[INFO] ----------------------< com.mirketa.selenium:rrd >----------------------
[INFO] Building rrd 0.0.1-SNAPSHOT
[INFO] --------------------------------[ jar ]---------------------------------
[DEBUG] Lifecycle default -> [validate, initialize, generate-sources, process-sources, generate-resources, process-resources, compile, process-classes, generate-test-sources, process-test-sources, generate-test-resources, process-test-resources, test-compile, process-test-classes, test, prepare-package, package, pre-integration-test, integration-test, post-integration-test, verify, install, deploy]
[DEBUG] Lifecycle clean -> [pre-clean, clean, post-clean]
[DEBUG] Lifecycle site -> [pre-site, site, post-site, site-deploy]
[DEBUG] Lifecycle default -> [validate, initialize, generate-sources, process-sources, generate-resources, process-resources, compile, process-classes, generate-test-sources, process-test-sources, generate-test-resources, process-test-resources, test-compile, process-test-classes, test, prepare-package, package, pre-integration-test, integration-test, post-integration-test, verify, install, deploy]
[DEBUG] Lifecycle clean -> [pre-clean, clean, post-clean]
[DEBUG] Lifecycle site -> [pre-site, site, post-site, site-deploy]
[DEBUG] Lifecycle default -> [validate, initialize, generate-sources, process-sources, generate-resources, process-resources, compile, process-classes, generate-test-sources, process-test-sources, generate-test-resources, process-test-resources, test-compile, process-test-classes, test, prepare-package, package, pre-integration-test, integration-test, post-integration-test, verify, install, deploy]
[DEBUG] Lifecycle clean -> [pre-clean, clean, post-clean]
[DEBUG] Lifecycle site -> [pre-site, site, post-site, site-deploy]
[DEBUG] Lifecycle default -> [validate, initialize, generate-sources, process-sources, generate-resources, process-resources, compile, process-classes, generate-test-sources, process-test-sources, generate-test-resources, process-test-resources, test-compile, process-test-classes, test, prepare-package, package, pre-integration-test, integration-test, post-integration-test, verify, install, deploy]
[DEBUG] Lifecycle clean -> [pre-clean, clean, post-clean]
[DEBUG] Lifecycle site -> [pre-site, site, post-site, site-deploy]
[DEBUG] Lifecycle default -> [validate, initialize, generate-sources, process-sources, generate-resources, process-resources, compile, process-classes, generate-test-sources, process-test-sources, generate-test-resources, process-test-resources, test-compile, process-test-classes, test, prepare-package, package, pre-integration-test, integration-test, post-integration-test, verify, install, deploy]
[DEBUG] Lifecycle clean -> [pre-clean, clean, post-clean]
[DEBUG] Lifecycle site -> [pre-site, site, post-site, site-deploy]
[DEBUG] Lifecycle default -> [validate, initialize, generate-sources, process-sources, generate-resources, process-resources, compile, process-classes, generate-test-sources, process-test-sources, generate-test-resources, process-test-resources, test-compile, process-test-classes, test, prepare-package, package, pre-integration-test, integration-test, post-integration-test, verify, install, deploy]
[DEBUG] Lifecycle clean -> [pre-clean, clean, post-clean]
[DEBUG] Lifecycle site -> [pre-site, site, post-site, site-deploy]
[DEBUG] Lifecycle default -> [validate, initialize, generate-sources, process-sources, generate-resources, process-resources, compile, process-classes, generate-test-sources, process-test-sources, generate-test-resources, process-test-resources, test-compile, process-test-classes, test, prepare-package, package, pre-integration-test, integration-test, post-integration-test, verify, install, deploy]
[DEBUG] Lifecycle clean -> [pre-clean, clean, post-clean]
[DEBUG] Lifecycle site -> [pre-site, site, post-site, site-deploy]
[DEBUG] === PROJECT BUILD PLAN ================================================
[DEBUG] Project:       com.mirketa.selenium:rrd:0.0.1-SNAPSHOT
[DEBUG] Dependencies (collect): []
[DEBUG] Dependencies (resolve): [compile, runtime, test]
[DEBUG] Repositories (dependencies): [central (https://repo.maven.apache.org/maven2, default, releases)]
[DEBUG] Repositories (plugins)     : [central (https://repo.maven.apache.org/maven2, default, releases)]
[DEBUG] -----------------------------------------------------------------------
[DEBUG] Goal:          org.apache.maven.plugins:maven-resources-plugin:3.0.2:resources (default-resources)
[DEBUG] Style:         Regular
[DEBUG] Configuration: <?xml version="1.0" encoding="UTF-8"?>
<configuration>
  <addDefaultExcludes default-value="true"/>
  <buildFilters default-value="${project.build.filters}"/>
  <encoding default-value="${project.build.sourceEncoding}"/>
  <escapeWindowsPaths default-value="true"/>
  <fileNameFiltering default-value="false"/>
  <includeEmptyDirs default-value="false"/>
  <outputDirectory default-value="${project.build.outputDirectory}"/>
  <overwrite default-value="false"/>
  <project default-value="${project}"/>
  <resources default-value="${project.resources}"/>
  <session default-value="${session}"/>
  <skip default-value="false">${maven.resources.skip}</skip>
  <supportMultiLineFiltering default-value="false"/>
  <useBuildFilters default-value="true"/>
  <useDefaultDelimiters default-value="true"/>
</configuration>
[DEBUG] -----------------------------------------------------------------------
[DEBUG] Goal:          org.apache.maven.plugins:maven-compiler-plugin:3.8.0:compile (default-compile)
[DEBUG] Style:         Regular
[DEBUG] Configuration: <?xml version="1.0" encoding="UTF-8"?>
<configuration>
  <basedir default-value="${basedir}"/>
  <buildDirectory default-value="${project.build.directory}"/>
  <compilePath default-value="${project.compileClasspathElements}"/>
  <compileSourceRoots default-value="${project.compileSourceRoots}"/>
  <compilerId default-value="javac">${maven.compiler.compilerId}</compilerId>
  <compilerReuseStrategy default-value="${reuseCreated}">${maven.compiler.compilerReuseStrategy}</compilerReuseStrategy>
  <compilerVersion>1.8</compilerVersion>
  <debug default-value="true">${maven.compiler.debug}</debug>
  <debuglevel>${maven.compiler.debuglevel}</debuglevel>
  <encoding default-value="${project.build.sourceEncoding}">${encoding}</encoding>
  <executable>C:\Program Files\Java\jdk1.8.0_202\jre</executable>
  <failOnError default-value="true">${maven.compiler.failOnError}</failOnError>
  <failOnWarning default-value="false">${maven.compiler.failOnWarning}</failOnWarning>
  <forceJavacCompilerUse default-value="false">${maven.compiler.forceJavacCompilerUse}</forceJavacCompilerUse>
  <fork default-value="false">true</fork>
  <generatedSourcesDirectory default-value="${project.build.directory}/generated-sources/annotations"/>
  <maxmem>${maven.compiler.maxmem}</maxmem>
  <meminitial>${maven.compiler.meminitial}</meminitial>
  <mojoExecution default-value="${mojoExecution}"/>
  <optimize default-value="false">${maven.compiler.optimize}</optimize>
  <outputDirectory default-value="${project.build.outputDirectory}"/>
  <parameters default-value="false">${maven.compiler.parameters}</parameters>
  <project default-value="${project}"/>
  <projectArtifact default-value="${project.artifact}"/>
  <release>${maven.compiler.release}</release>
  <session default-value="${session}"/>
  <showDeprecation default-value="false">${maven.compiler.showDeprecation}</showDeprecation>
  <showWarnings default-value="false">${maven.compiler.showWarnings}</showWarnings>
  <skipMain>${maven.main.skip}</skipMain>
  <skipMultiThreadWarning default-value="false">${maven.compiler.skipMultiThreadWarning}</skipMultiThreadWarning>
  <source default-value="1.6">${maven.compiler.source}</source>
  <staleMillis default-value="0">${lastModGranularityMs}</staleMillis>
  <target default-value="1.6">${maven.compiler.target}</target>
  <useIncrementalCompilation default-value="true">${maven.compiler.useIncrementalCompilation}</useIncrementalCompilation>
  <verbose default-value="false">true</verbose>
</configuration>
[DEBUG] -----------------------------------------------------------------------
[DEBUG] Goal:          org.apache.maven.plugins:maven-resources-plugin:3.0.2:testResources (default-testResources)
[DEBUG] Style:         Regular
[DEBUG] Configuration: <?xml version="1.0" encoding="UTF-8"?>
<configuration>
  <addDefaultExcludes default-value="true"/>
  <buildFilters default-value="${project.build.filters}"/>
  <encoding default-value="${project.build.sourceEncoding}"/>
  <escapeWindowsPaths default-value="true"/>
  <fileNameFiltering default-value="false"/>
  <includeEmptyDirs default-value="false"/>
  <outputDirectory default-value="${project.build.testOutputDirectory}"/>
  <overwrite default-value="false"/>
  <project default-value="${project}"/>
  <resources default-value="${project.testResources}"/>
  <session default-value="${session}"/>
  <skip default-value="false">${maven.test.skip}</skip>
  <supportMultiLineFiltering default-value="false"/>
  <useBuildFilters default-value="true"/>
  <useDefaultDelimiters default-value="true"/>
</configuration>
[DEBUG] -----------------------------------------------------------------------
[DEBUG] Goal:          org.apache.maven.plugins:maven-compiler-plugin:3.8.0:testCompile (default-testCompile)
[DEBUG] Style:         Regular
[DEBUG] Configuration: <?xml version="1.0" encoding="UTF-8"?>
<configuration>
  <basedir default-value="${basedir}"/>
  <buildDirectory default-value="${project.build.directory}"/>
  <compilePath default-value="${project.compileClasspathElements}"/>
  <compileSourceRoots default-value="${project.testCompileSourceRoots}"/>
  <compilerId default-value="javac">${maven.compiler.compilerId}</compilerId>
  <compilerReuseStrategy default-value="${reuseCreated}">${maven.compiler.compilerReuseStrategy}</compilerReuseStrategy>
  <compilerVersion>1.8</compilerVersion>
  <debug default-value="true">${maven.compiler.debug}</debug>
  <debuglevel>${maven.compiler.debuglevel}</debuglevel>
  <encoding default-value="${project.build.sourceEncoding}">${encoding}</encoding>
  <executable>C:\Program Files\Java\jdk1.8.0_202\jre</executable>
  <failOnError default-value="true">${maven.compiler.failOnError}</failOnError>
  <failOnWarning default-value="false">${maven.compiler.failOnWarning}</failOnWarning>
  <forceJavacCompilerUse default-value="false">${maven.compiler.forceJavacCompilerUse}</forceJavacCompilerUse>
  <fork default-value="false">true</fork>
  <generatedTestSourcesDirectory default-value="${project.build.directory}/generated-test-sources/test-annotations"/>
  <maxmem>${maven.compiler.maxmem}</maxmem>
  <meminitial>${maven.compiler.meminitial}</meminitial>
  <mojoExecution default-value="${mojoExecution}"/>
  <optimize default-value="false">${maven.compiler.optimize}</optimize>
  <outputDirectory default-value="${project.build.testOutputDirectory}"/>
  <parameters default-value="false">${maven.compiler.parameters}</parameters>
  <project default-value="${project}"/>
  <release>${maven.compiler.release}</release>
  <session default-value="${session}"/>
  <showDeprecation default-value="false">${maven.compiler.showDeprecation}</showDeprecation>
  <showWarnings default-value="false">${maven.compiler.showWarnings}</showWarnings>
  <skip>${maven.test.skip}</skip>
  <skipMultiThreadWarning default-value="false">${maven.compiler.skipMultiThreadWarning}</skipMultiThreadWarning>
  <source default-value="1.6">${maven.compiler.source}</source>
  <staleMillis default-value="0">${lastModGranularityMs}</staleMillis>
  <target default-value="1.6">${maven.compiler.target}</target>
  <testPath default-value="${project.testClasspathElements}"/>
  <testRelease>${maven.compiler.testRelease}</testRelease>
  <testSource>${maven.compiler.testSource}</testSource>
  <testTarget>${maven.compiler.testTarget}</testTarget>
  <useIncrementalCompilation default-value="true">${maven.compiler.useIncrementalCompilation}</useIncrementalCompilation>
  <verbose default-value="false">true</verbose>
</configuration>
[DEBUG] -----------------------------------------------------------------------
[DEBUG] Goal:          org.apache.maven.plugins:maven-surefire-plugin:2.20.1:test (default-test)
[DEBUG] Style:         Regular
[DEBUG] Configuration: <?xml version="1.0" encoding="UTF-8"?>
<configuration>
  <additionalClasspathElements>${maven.test.additionalClasspath}</additionalClasspathElements>
  <argLine>${argLine}</argLine>
  <basedir default-value="${basedir}"/>
  <childDelegation default-value="false">${childDelegation}</childDelegation>
  <classesDirectory default-value="${project.build.outputDirectory}"/>
  <classpathDependencyExcludes>${maven.test.dependency.excludes}</classpathDependencyExcludes>
  <debugForkedProcess>${maven.surefire.debug}</debugForkedProcess>
  <dependenciesToScan>${dependenciesToScan}</dependenciesToScan>
  <disableXmlReport default-value="false">${disableXmlReport}</disableXmlReport>
  <enableAssertions default-value="true">${enableAssertions}</enableAssertions>
  <excludedGroups>${excludedGroups}</excludedGroups>
  <excludesFile>${surefire.excludesFile}</excludesFile>
  <failIfNoSpecifiedTests>${surefire.failIfNoSpecifiedTests}</failIfNoSpecifiedTests>
  <failIfNoTests>${failIfNoTests}</failIfNoTests>
  <forkCount default-value="1">${forkCount}</forkCount>
  <forkMode default-value="once">${forkMode}</forkMode>
  <forkedProcessExitTimeoutInSeconds default-value="30">${surefire.exitTimeout}</forkedProcessExitTimeoutInSeconds>
  <forkedProcessTimeoutInSeconds>${surefire.timeout}</forkedProcessTimeoutInSeconds>
  <groups>${groups}</groups>
  <includesFile>${surefire.includesFile}</includesFile>
  <junitArtifactName default-value="junit:junit">${junitArtifactName}</junitArtifactName>
  <jvm>${jvm}</jvm>
  <localRepository default-value="${localRepository}"/>
  <objectFactory>${objectFactory}</objectFactory>
  <parallel>${parallel}</parallel>
  <parallelMavenExecution default-value="${session.parallel}"/>
  <parallelOptimized default-value="true">${parallelOptimized}</parallelOptimized>
  <parallelTestsTimeoutForcedInSeconds>${surefire.parallel.forcedTimeout}</parallelTestsTimeoutForcedInSeconds>
  <parallelTestsTimeoutInSeconds>${surefire.parallel.timeout}</parallelTestsTimeoutInSeconds>
  <perCoreThreadCount default-value="true">${perCoreThreadCount}</perCoreThreadCount>
  <pluginArtifactMap>${plugin.artifactMap}</pluginArtifactMap>
  <pluginDescriptor default-value="${plugin}"/>
  <printSummary default-value="true">${surefire.printSummary}</printSummary>
  <projectArtifactMap>${project.artifactMap}</projectArtifactMap>
  <projectBuildDirectory default-value="${project.build.directory}"/>
  <redirectTestOutputToFile default-value="false">${maven.test.redirectTestOutputToFile}</redirectTestOutputToFile>
  <remoteRepositories default-value="${project.pluginArtifactRepositories}"/>
  <reportFormat default-value="brief">${surefire.reportFormat}</reportFormat>
  <reportNameSuffix default-value="">${surefire.reportNameSuffix}</reportNameSuffix>
  <reportsDirectory default-value="${project.build.directory}/surefire-reports"/>
  <rerunFailingTestsCount default-value="0">${surefire.rerunFailingTestsCount}</rerunFailingTestsCount>
  <reuseForks default-value="true">${reuseForks}</reuseForks>
  <runOrder default-value="filesystem">${surefire.runOrder}</runOrder>
  <shutdown default-value="testset">${surefire.shutdown}</shutdown>
  <skip default-value="false">${maven.test.skip}</skip>
  <skipAfterFailureCount default-value="0">${surefire.skipAfterFailureCount}</skipAfterFailureCount>
  <skipExec>${maven.test.skip.exec}</skipExec>
  <skipTests default-value="false">${skipTests}</skipTests>
  <suiteXmlFiles>
    <suiteXmlFile>Opportunity_Config1.xml</suiteXmlFile>${surefire.suiteXmlFiles}</suiteXmlFiles>
  <tempDir default-value="surefire">${tempDir}</tempDir>
  <test>${test}</test>
  <testClassesDirectory default-value="${project.build.testOutputDirectory}"/>
  <testFailureIgnore default-value="false">${maven.test.failure.ignore}</testFailureIgnore>
  <testNGArtifactName default-value="org.testng:testng">${testNGArtifactName}</testNGArtifactName>
  <testSourceDirectory default-value="${project.build.testSourceDirectory}"/>
  <threadCount>${threadCount}</threadCount>
  <threadCountClasses default-value="0">${threadCountClasses}</threadCountClasses>
  <threadCountMethods default-value="0">${threadCountMethods}</threadCountMethods>
  <threadCountSuites default-value="0">${threadCountSuites}</threadCountSuites>
  <trimStackTrace default-value="true">${trimStackTrace}</trimStackTrace>
  <useFile default-value="true">${surefire.useFile}</useFile>
  <useManifestOnlyJar default-value="true">${surefire.useManifestOnlyJar}</useManifestOnlyJar>
  <useSystemClassLoader default-value="true">${surefire.useSystemClassLoader}</useSystemClassLoader>
  <useUnlimitedThreads default-value="false">${useUnlimitedThreads}</useUnlimitedThreads>
  <workingDirectory>${basedir}</workingDirectory>
  <project default-value="${project}"/>
  <session default-value="${session}"/>
</configuration>
[DEBUG] -----------------------------------------------------------------------
[DEBUG] Goal:          org.apache.maven.plugins:maven-jar-plugin:3.0.2:jar (default-jar)
[DEBUG] Style:         Regular
[DEBUG] Configuration: <?xml version="1.0" encoding="UTF-8"?>
<configuration>
  <classesDirectory default-value="${project.build.outputDirectory}"/>
  <finalName default-value="${project.build.finalName}"/>
  <forceCreation default-value="false">${maven.jar.forceCreation}</forceCreation>
  <outputDirectory default-value="${project.build.directory}"/>
  <project default-value="${project}"/>
  <session default-value="${session}"/>
  <skipIfEmpty default-value="false"/>
  <useDefaultManifestFile default-value="false">${jar.useDefaultManifestFile}</useDefaultManifestFile>
</configuration>
[DEBUG] =======================================================================
[DEBUG] Dependency collection stats: {ConflictMarker.analyzeTime=631000, ConflictMarker.markTime=356600, ConflictMarker.nodeCount=105, ConflictIdSorter.graphTime=389100, ConflictIdSorter.topsortTime=259000, ConflictIdSorter.conflictIdCount=45, ConflictIdSorter.conflictIdCycleCount=0, ConflictResolver.totalTime=4485000, ConflictResolver.conflictItemCount=104, DefaultDependencyCollector.collectTime=135739600, DefaultDependencyCollector.transformTime=7560300}
[DEBUG] com.mirketa.selenium:rrd:jar:0.0.1-SNAPSHOT
[DEBUG]    commons-io:commons-io:jar:2.7:compile
[DEBUG]    junit:junit:jar:4.11:test
[DEBUG]       org.hamcrest:hamcrest-core:jar:1.3:test
[DEBUG]    org.seleniumhq.selenium:selenium-java:jar:3.141.59:compile
[DEBUG]       org.seleniumhq.selenium:selenium-api:jar:3.141.59:compile
[DEBUG]       org.seleniumhq.selenium:selenium-chrome-driver:jar:3.141.59:compile
[DEBUG]       org.seleniumhq.selenium:selenium-edge-driver:jar:3.141.59:compile
[DEBUG]       org.seleniumhq.selenium:selenium-firefox-driver:jar:3.141.59:compile
[DEBUG]       org.seleniumhq.selenium:selenium-ie-driver:jar:3.141.59:compile
[DEBUG]       org.seleniumhq.selenium:selenium-opera-driver:jar:3.141.59:compile
[DEBUG]       org.seleniumhq.selenium:selenium-remote-driver:jar:3.141.59:compile
[DEBUG]       org.seleniumhq.selenium:selenium-safari-driver:jar:3.141.59:compile
[DEBUG]       org.seleniumhq.selenium:selenium-support:jar:3.141.59:compile
[DEBUG]       net.bytebuddy:byte-buddy:jar:1.8.15:compile
[DEBUG]       org.apache.commons:commons-exec:jar:1.3:compile
[DEBUG]       com.google.guava:guava:jar:25.0-jre:compile
[DEBUG]          com.google.code.findbugs:jsr305:jar:1.3.9:compile
[DEBUG]          org.checkerframework:checker-compat-qual:jar:2.0.0:compile
[DEBUG]          com.google.errorprone:error_prone_annotations:jar:2.1.3:compile
[DEBUG]          com.google.j2objc:j2objc-annotations:jar:1.1:compile
[DEBUG]          org.codehaus.mojo:animal-sniffer-annotations:jar:1.14:compile
[DEBUG]       com.squareup.okhttp3:okhttp:jar:3.11.0:compile
[DEBUG]       com.squareup.okio:okio:jar:1.14.0:compile
[DEBUG]    org.testng:testng:jar:7.1.0:test
[DEBUG]       com.beust:jcommander:jar:1.72:test
[DEBUG]       com.google.inject:guice:jar:no_aop:4.1.0:test
[DEBUG]          javax.inject:javax.inject:jar:1:test
[DEBUG]          aopalliance:aopalliance:jar:1.0:test
[DEBUG]       org.yaml:snakeyaml:jar:1.21:test
[DEBUG]    com.relevantcodes:extentreports:jar:2.41.2:compile
[DEBUG]       org.jsoup:jsoup:jar:1.8.3:compile
[DEBUG]       org.xerial:sqlite-jdbc:jar:3.8.11.1:compile
[DEBUG]       org.freemarker:freemarker:jar:2.3.23:compile
[DEBUG]       org.mongodb:mongodb-driver:jar:3.0.4:compile
[DEBUG]          org.mongodb:bson:jar:3.0.4:compile
[DEBUG]          org.mongodb:mongodb-driver-core:jar:3.0.4:compile
[DEBUG]    org.apache.poi:poi:jar:4.1.0:compile
[DEBUG]       commons-codec:commons-codec:jar:1.12:compile
[DEBUG]       org.apache.commons:commons-collections4:jar:4.3:compile
[DEBUG]       org.apache.commons:commons-math3:jar:3.6.1:compile
[DEBUG]    org.apache.poi:poi-ooxml:jar:4.1.0:compile
[DEBUG]       org.apache.poi:poi-ooxml-schemas:jar:4.1.0:compile
[DEBUG]          org.apache.xmlbeans:xmlbeans:jar:3.1.0:compile
[DEBUG]       org.apache.commons:commons-compress:jar:1.18:compile
[DEBUG]       com.github.virtuald:curvesapi:jar:1.06:compile
[INFO] 
[INFO] --- maven-resources-plugin:3.0.2:resources (default-resources) @ rrd ---
[DEBUG] Dependency collection stats: {ConflictMarker.analyzeTime=194900, ConflictMarker.markTime=72500, ConflictMarker.nodeCount=68, ConflictIdSorter.graphTime=65400, ConflictIdSorter.topsortTime=16000, ConflictIdSorter.conflictIdCount=28, ConflictIdSorter.conflictIdCycleCount=0, ConflictResolver.totalTime=627300, ConflictResolver.conflictItemCount=67, DefaultDependencyCollector.collectTime=112475300, DefaultDependencyCollector.transformTime=1029500}
[DEBUG] org.apache.maven.plugins:maven-resources-plugin:jar:3.0.2
[DEBUG]    org.apache.maven:maven-plugin-api:jar:3.0:compile
[DEBUG]       org.apache.maven:maven-artifact:jar:3.0:compile
[DEBUG]       org.sonatype.sisu:sisu-inject-plexus:jar:1.4.2:compile
[DEBUG]          org.sonatype.sisu:sisu-inject-bean:jar:1.4.2:compile
[DEBUG]             org.sonatype.sisu:sisu-guice:jar:noaop:2.1.7:compile
[DEBUG]    org.apache.maven:maven-core:jar:3.0:compile
[DEBUG]       org.apache.maven:maven-settings:jar:3.0:compile
[DEBUG]       org.apache.maven:maven-settings-builder:jar:3.0:compile
[DEBUG]       org.apache.maven:maven-repository-metadata:jar:3.0:compile
[DEBUG]       org.apache.maven:maven-model-builder:jar:3.0:compile
[DEBUG]       org.apache.maven:maven-aether-provider:jar:3.0:runtime
[DEBUG]       org.sonatype.aether:aether-impl:jar:1.7:compile
[DEBUG]          org.sonatype.aether:aether-spi:jar:1.7:compile
[DEBUG]       org.sonatype.aether:aether-api:jar:1.7:compile
[DEBUG]       org.sonatype.aether:aether-util:jar:1.7:compile
[DEBUG]       org.codehaus.plexus:plexus-classworlds:jar:2.2.3:compile
[DEBUG]       org.codehaus.plexus:plexus-component-annotations:jar:1.6:compile (version managed from default)
[DEBUG]       org.sonatype.plexus:plexus-sec-dispatcher:jar:1.3:compile
[DEBUG]          org.sonatype.plexus:plexus-cipher:jar:1.4:compile
[DEBUG]    org.apache.maven:maven-model:jar:3.0:compile
[DEBUG]    org.codehaus.plexus:plexus-utils:jar:3.0.24:compile
[DEBUG]    org.apache.maven.shared:maven-filtering:jar:3.1.1:compile
[DEBUG]       org.apache.maven.shared:maven-shared-utils:jar:3.0.0:compile
[DEBUG]          com.google.code.findbugs:jsr305:jar:2.0.1:compile
[DEBUG]       org.sonatype.plexus:plexus-build-api:jar:0.0.7:compile
[DEBUG]    commons-io:commons-io:jar:2.5:compile
[DEBUG]    org.codehaus.plexus:plexus-interpolation:jar:1.24:compile
[DEBUG] Created new class realm plugin>org.apache.maven.plugins:maven-resources-plugin:3.0.2
[DEBUG] Importing foreign packages into class realm plugin>org.apache.maven.plugins:maven-resources-plugin:3.0.2
[DEBUG]   Imported:  < maven.api
[DEBUG] Populating class realm plugin>org.apache.maven.plugins:maven-resources-plugin:3.0.2
[DEBUG]   Included: org.apache.maven.plugins:maven-resources-plugin:jar:3.0.2
[DEBUG]   Included: org.sonatype.sisu:sisu-inject-bean:jar:1.4.2
[DEBUG]   Included: org.sonatype.sisu:sisu-guice:jar:noaop:2.1.7
[DEBUG]   Included: org.sonatype.aether:aether-util:jar:1.7
[DEBUG]   Included: org.codehaus.plexus:plexus-component-annotations:jar:1.6
[DEBUG]   Included: org.sonatype.plexus:plexus-sec-dispatcher:jar:1.3
[DEBUG]   Included: org.sonatype.plexus:plexus-cipher:jar:1.4
[DEBUG]   Included: org.codehaus.plexus:plexus-utils:jar:3.0.24
[DEBUG]   Included: org.apache.maven.shared:maven-filtering:jar:3.1.1
[DEBUG]   Included: org.apache.maven.shared:maven-shared-utils:jar:3.0.0
[DEBUG]   Included: com.google.code.findbugs:jsr305:jar:2.0.1
[DEBUG]   Included: org.sonatype.plexus:plexus-build-api:jar:0.0.7
[DEBUG]   Included: commons-io:commons-io:jar:2.5
[DEBUG]   Included: org.codehaus.plexus:plexus-interpolation:jar:1.24
[DEBUG] Configuring mojo org.apache.maven.plugins:maven-resources-plugin:3.0.2:resources from plugin realm ClassRealm[plugin>org.apache.maven.plugins:maven-resources-plugin:3.0.2, parent: sun.misc.Launcher$AppClassLoader@4e25154f]
[DEBUG] Configuring mojo 'org.apache.maven.plugins:maven-resources-plugin:3.0.2:resources' with basic configurator -->
[DEBUG]   (f) addDefaultExcludes = true
[DEBUG]   (f) buildFilters = []
[DEBUG]   (f) encoding = UTF-8
[DEBUG]   (f) escapeWindowsPaths = true
[DEBUG]   (f) fileNameFiltering = false
[DEBUG]   (s) includeEmptyDirs = false
[DEBUG]   (s) outputDirectory = C:\Users\Rai Sigh\git\RRD_Opportunity\rrd\target\classes
[DEBUG]   (s) overwrite = false
[DEBUG]   (f) project = MavenProject: com.mirketa.selenium:rrd:0.0.1-SNAPSHOT @ C:\Users\Rai Sigh\git\RRD_Opportunity\rrd\pom.xml
[DEBUG]   (s) resources = [Resource {targetPath: null, filtering: false, FileSet {directory: C:\Users\Rai Sigh\git\RRD_Opportunity\rrd\src\main\resources, PatternSet [includes: {}, excludes: {}]}}]
[DEBUG]   (f) session = org.apache.maven.execution.MavenSession@70e0accd
[DEBUG]   (f) skip = false
[DEBUG]   (f) supportMultiLineFiltering = false
[DEBUG]   (f) useBuildFilters = true
[DEBUG]   (s) useDefaultDelimiters = true
[DEBUG] -- end configuration --
[DEBUG] properties used {java.vendor=Oracle Corporation, env.SYSTEMROOT=C:\WINDOWS, env.USERDOMAIN_ROAMINGPROFILE=RAVI, sun.java.launcher=SUN_STANDARD, sun.management.compiler=HotSpot 64-Bit Tiered Compilers, env.ONEDRIVE=C:\Users\Rai Sigh\OneDrive, env.PROMPT=$P$G, env.WDIR=C:\, os.name=Windows 10, sun.boot.class.path=C:\Program Files\Java\jdk1.8.0_202\jre\lib\resources.jar;C:\Program Files\Java\jdk1.8.0_202\jre\lib\rt.jar;C:\Program Files\Java\jdk1.8.0_202\jre\lib\sunrsasign.jar;C:\Program Files\Java\jdk1.8.0_202\jre\lib\jsse.jar;C:\Program Files\Java\jdk1.8.0_202\jre\lib\jce.jar;C:\Program Files\Java\jdk1.8.0_202\jre\lib\charsets.jar;C:\Program Files\Java\jdk1.8.0_202\jre\lib\jfr.jar;C:\Program Files\Java\jdk1.8.0_202\jre\classes, env.COMPUTERNAME=RAVI, env.ALLUSERSPROFILE=C:\ProgramData, sun.desktop=windows, java.vm.specification.vendor=Oracle Corporation, java.runtime.version=1.8.0_202-b08, env.HOMEPATH=\Users\Rai Sigh, project.build.sourceEncoding=UTF-8, user.name=Ravi Singh, maven.build.version=Apache Maven 3.6.3 (cecedd343002696d0abb50b32b541b8a6ba2883f), env.DRIVERDATA=C:\Windows\System32\Drivers\DriverData, env.PATH=C:\Program Files (x86)\Common Files\Oracle\Java\javapath;C:\Windows\system32;C:\Windows;C:\Windows\System32\Wbem;C:\Windows\System32\WindowsPowerShell\v1.0\;C:\Program Files (x86)\NVIDIA Corporation\PhysX\Common;C:\Program Files\NVIDIA Corporation\NVIDIA NvDLISR;C:\Program Files\Java\jdk1.8.0_202\bin;C:\Program Files\Java\jre1.8.0_202\bin;C:\WINDOWS\system32;C:\WINDOWS;C:\WINDOWS\System32\Wbem;C:\WINDOWS\System32\WindowsPowerShell\v1.0\;C:\WINDOWS\System32\OpenSSH\;C:\Program Files\Git\cmd;C:\Program Files\Git\bin;C:\apache-maven-3.6.3-bin\apache-maven-3.6.3\bin\;C:\apache-maven-3.6.3-bin\apache-maven-3.6.3\\bin;C:\apache-maven-3.6.3-bin\apache-maven-3.6.3\;C:\Users\Rai Sigh\AppData\Local\Microsoft\WindowsApps, user.language=en, env.JVMCONFIG=\.mvn\jvm.config, env.WINDIR=C:\WINDOWS, sun.boot.library.path=C:\Program Files\Java\jdk1.8.0_202\jre\bin, classworlds.conf=C:\apache-maven-3.6.3-bin\apache-maven-3.6.3\bin\..\bin\m2.conf, java.version=1.8.0_202, env.PROCESSOR_IDENTIFIER=Intel64 Family 6 Model 158 Stepping 10, GenuineIntel, user.timezone=, project.baseUri=file:/C:/Users/Rai%20Sigh/git/RRD_Opportunity/rrd/, maven.build.timestamp=2020-09-25T10:54:12Z, env.TEMP=C:\Users\RAISIG~1\AppData\Local\Temp, sun.arch.data.model=64, env.EXEC_DIR=C:\Users\Rai Sigh\git\RRD_Opportunity\rrd, java.endorsed.dirs=C:\Program Files\Java\jdk1.8.0_202\jre\lib\endorsed, sun.cpu.isalist=amd64, env.HOMEDRIVE=C:, sun.jnu.encoding=Cp1252, file.encoding.pkg=sun.io, env.SYSTEMDRIVE=C:, file.separator=\, java.specification.name=Java Platform API Specification, maven.conf=C:\apache-maven-3.6.3-bin\apache-maven-3.6.3\bin\../conf, env.JAVACMD=C:\Program Files\Java\jdk1.8.0_202\bin\java.exe, java.class.version=52.0, user.country=IN, java.home=C:\Program Files\Java\jdk1.8.0_202\jre, env.APPDATA=C:\Users\Rai Sigh\AppData\Roaming, env.PUBLIC=C:\Users\Public, java.vm.info=mixed mode, env.OS=Windows_NT, os.version=10.0, maven.compiler.target=1.8, env.=::=::\, path.separator=;, java.vm.version=25.202-b08, user.variant=, env.USERPROFILE=C:\Users\Rai Sigh, env.JAVA_HOME=C:\Program Files\Java\jdk1.8.0_202, java.awt.printerjob=sun.awt.windows.WPrinterJob, env.TMP=C:\Users\RAISIG~1\AppData\Local\Temp, env.FPS_BROWSER_USER_PROFILE_STRING=Default, env.PROGRAMFILES=C:\Program Files, sun.io.unicode.encoding=UnicodeLittle, awt.toolkit=sun.awt.windows.WToolkit, user.script=, user.home=C:\Users\Rai Sigh, env.COMMONPROGRAMFILES=C:\Program Files\Common Files, env.=EXITCODE=00000000, env.SESSIONNAME=Console, java.specification.vendor=Oracle Corporation, env.M2_HOME=C:\apache-maven-3.6.3-bin\apache-maven-3.6.3\, java.vendor.url=http://java.oracle.com/, env.NUMBER_OF_PROCESSORS=6, library.jansi.path=C:\apache-maven-3.6.3-bin\apache-maven-3.6.3\bin\..\lib\jansi-native, java.library.path=C:\Program Files\Java\jdk1.8.0_202\bin;C:\WINDOWS\Sun\Java\bin;C:\WINDOWS\system32;C:\WINDOWS;C:\Program Files (x86)\Common Files\Oracle\Java\javapath;C:\Windows\system32;C:\Windows;C:\Windows\System32\Wbem;C:\Windows\System32\WindowsPowerShell\v1.0\;C:\Program Files (x86)\NVIDIA Corporation\PhysX\Common;C:\Program Files\NVIDIA Corporation\NVIDIA NvDLISR;C:\Program Files\Java\jdk1.8.0_202\bin;C:\Program Files\Java\jre1.8.0_202\bin;C:\WINDOWS\system32;C:\WINDOWS;C:\WINDOWS\System32\Wbem;C:\WINDOWS\System32\WindowsPowerShell\v1.0\;C:\WINDOWS\System32\OpenSSH\;C:\Program Files\Git\cmd;C:\Program Files\Git\bin;C:\apache-maven-3.6.3-bin\apache-maven-3.6.3\bin\;C:\apache-maven-3.6.3-bin\apache-maven-3.6.3\\bin;C:\apache-maven-3.6.3-bin\apache-maven-3.6.3\;C:\Users\Rai Sigh\AppData\Local\Microsoft\WindowsApps;., env.CLASSWORLDS_LAUNCHER=org.codehaus.plexus.classworlds.launcher.Launcher, env.PSMODULEPATH=C:\Program Files\WindowsPowerShell\Modules;C:\WINDOWS\system32\WindowsPowerShell\v1.0\Modules, env.COMMONPROGRAMFILES(X86)=C:\Program Files (x86)\Common Files, env.MAVEN_CMD_LINE_ARGS=-X package, java.vm.vendor=Oracle Corporation, java.runtime.name=Java(TM) SE Runtime Environment, maven.home=C:\apache-maven-3.6.3-bin\apache-maven-3.6.3\bin\.., java.class.path=C:\apache-maven-3.6.3-bin\apache-maven-3.6.3\bin\..\boot\plexus-classworlds-2.6.0.jar, sun.java.command=org.codehaus.plexus.classworlds.launcher.Launcher -X package, env.PROGRAMW6432=C:\Program Files, maven.version=3.6.3, env.PROGRAMFILES(X86)=C:\Program Files (x86), java.vm.specification.name=Java Virtual Machine Specification, env.LOGONSERVER=\\RAVI, env.PROCESSOR_ARCHITECTURE=AMD64, java.vm.specification.version=1.8, env.COMMONPROGRAMW6432=C:\Program Files\Common Files, sun.os.patch.level=, sun.cpu.endian=little, env.PROCESSOR_REVISION=9e0a, java.io.tmpdir=C:\Users\RAISIG~1\AppData\Local\Temp\, maven.multiModuleProjectDirectory=C:\Users\Rai Sigh\git\RRD_Opportunity\rrd, java.vendor.url.bug=http://bugreport.sun.com/bugreport/, env.COMSPEC=C:\WINDOWS\system32\cmd.exe, env.PROGRAMDATA=C:\ProgramData, maven.compiler.source=1.8, env.FPS_BROWSER_APP_PROFILE_STRING=Internet Explorer, java.awt.graphicsenv=sun.awt.Win32GraphicsEnvironment, os.arch=amd64, java.ext.dirs=C:\Program Files\Java\jdk1.8.0_202\jre\lib\ext;C:\WINDOWS\Sun\Java\lib\ext, user.dir=C:\Users\Rai Sigh\git\RRD_Opportunity\rrd, env.LOCALAPPDATA=C:\Users\Rai Sigh\AppData\Local, env.MAVEN_HOME=C:\apache-maven-3.6.3-bin\apache-maven-3.6.3\bin\.., line.separator=
, java.vm.name=Java HotSpot(TM) 64-Bit Server VM, env.CLASSWORLDS_JAR="C:\apache-maven-3.6.3-bin\apache-maven-3.6.3\bin\..\boot\plexus-classworlds-2.6.0.jar", env.PATHEXT=.COM;.EXE;.BAT;.CMD;.VBS;.VBE;.JS;.JSE;.WSF;.WSH;.MSC, env.ERROR_CODE=0, env.USERNAME=Ravi Singh, file.encoding=Cp1252, sun.stderr.encoding=cp437, env.USERDOMAIN=RAVI, java.specification.version=1.8, env.=C:=C:\Users\Rai Sigh\git\RRD_Opportunity\rrd, env.MAVEN_PROJECTBASEDIR=C:\Users\Rai Sigh\git\RRD_Opportunity\rrd, env.PROCESSOR_LEVEL=6}
[INFO] Using 'UTF-8' encoding to copy filtered resources.
[DEBUG] resource with targetPath null
directory C:\Users\Rai Sigh\git\RRD_Opportunity\rrd\src\main\resources
excludes []
includes []
[INFO] skip non existing resourceDirectory C:\Users\Rai Sigh\git\RRD_Opportunity\rrd\src\main\resources
[DEBUG] no use filter components
[INFO] 
[INFO] --- maven-compiler-plugin:3.8.0:compile (default-compile) @ rrd ---
[DEBUG] Dependency collection stats: {ConflictMarker.analyzeTime=191600, ConflictMarker.markTime=131600, ConflictMarker.nodeCount=118, ConflictIdSorter.graphTime=61900, ConflictIdSorter.topsortTime=23400, ConflictIdSorter.conflictIdCount=45, ConflictIdSorter.conflictIdCycleCount=0, ConflictResolver.totalTime=816700, ConflictResolver.conflictItemCount=72, DefaultDependencyCollector.collectTime=73862800, DefaultDependencyCollector.transformTime=1243300}
[DEBUG] org.apache.maven.plugins:maven-compiler-plugin:jar:3.8.0
[DEBUG]    org.apache.maven:maven-plugin-api:jar:3.0:compile
[DEBUG]       org.apache.maven:maven-model:jar:3.0:compile
[DEBUG]       org.sonatype.sisu:sisu-inject-plexus:jar:1.4.2:compile
[DEBUG]          org.sonatype.sisu:sisu-inject-bean:jar:1.4.2:compile
[DEBUG]             org.sonatype.sisu:sisu-guice:jar:noaop:2.1.7:compile
[DEBUG]    org.apache.maven:maven-artifact:jar:3.0:compile
[DEBUG]       org.codehaus.plexus:plexus-utils:jar:2.0.4:compile
[DEBUG]    org.apache.maven:maven-core:jar:3.0:compile
[DEBUG]       org.apache.maven:maven-settings:jar:3.0:compile
[DEBUG]       org.apache.maven:maven-settings-builder:jar:3.0:compile
[DEBUG]       org.apache.maven:maven-repository-metadata:jar:3.0:compile
[DEBUG]       org.apache.maven:maven-model-builder:jar:3.0:compile
[DEBUG]       org.apache.maven:maven-aether-provider:jar:3.0:runtime
[DEBUG]       org.sonatype.aether:aether-impl:jar:1.7:compile
[DEBUG]          org.sonatype.aether:aether-spi:jar:1.7:compile
[DEBUG]       org.sonatype.aether:aether-api:jar:1.7:compile
[DEBUG]       org.sonatype.aether:aether-util:jar:1.7:compile
[DEBUG]       org.codehaus.plexus:plexus-interpolation:jar:1.14:compile
[DEBUG]       org.codehaus.plexus:plexus-classworlds:jar:2.2.3:compile
[DEBUG]       org.codehaus.plexus:plexus-component-annotations:jar:1.7.1:compile (version managed from default)
[DEBUG]       org.sonatype.plexus:plexus-sec-dispatcher:jar:1.3:compile
[DEBUG]          org.sonatype.plexus:plexus-cipher:jar:1.4:compile
[DEBUG]    org.apache.maven.shared:maven-shared-utils:jar:3.2.1:compile
[DEBUG]       commons-io:commons-io:jar:2.5:compile
[DEBUG]    org.apache.maven.shared:maven-shared-incremental:jar:1.1:compile
[DEBUG]    org.codehaus.plexus:plexus-java:jar:0.9.10:compile
[DEBUG]       org.ow2.asm:asm:jar:6.2:compile
[DEBUG]       com.thoughtworks.qdox:qdox:jar:2.0-M9:compile (version managed from default)
[DEBUG]    org.codehaus.plexus:plexus-compiler-api:jar:2.8.4:compile
[DEBUG]    org.codehaus.plexus:plexus-compiler-manager:jar:2.8.4:compile
[DEBUG]    org.codehaus.plexus:plexus-compiler-javac:jar:2.8.4:runtime
[DEBUG] Created new class realm plugin>org.apache.maven.plugins:maven-compiler-plugin:3.8.0
[DEBUG] Importing foreign packages into class realm plugin>org.apache.maven.plugins:maven-compiler-plugin:3.8.0
[DEBUG]   Imported:  < maven.api
[DEBUG] Populating class realm plugin>org.apache.maven.plugins:maven-compiler-plugin:3.8.0
[DEBUG]   Included: org.apache.maven.plugins:maven-compiler-plugin:jar:3.8.0
[DEBUG]   Included: org.sonatype.sisu:sisu-inject-bean:jar:1.4.2
[DEBUG]   Included: org.sonatype.sisu:sisu-guice:jar:noaop:2.1.7
[DEBUG]   Included: org.codehaus.plexus:plexus-utils:jar:2.0.4
[DEBUG]   Included: org.sonatype.aether:aether-util:jar:1.7
[DEBUG]   Included: org.codehaus.plexus:plexus-interpolation:jar:1.14
[DEBUG]   Included: org.codehaus.plexus:plexus-component-annotations:jar:1.7.1
[DEBUG]   Included: org.sonatype.plexus:plexus-sec-dispatcher:jar:1.3
[DEBUG]   Included: org.sonatype.plexus:plexus-cipher:jar:1.4
[DEBUG]   Included: org.apache.maven.shared:maven-shared-utils:jar:3.2.1
[DEBUG]   Included: commons-io:commons-io:jar:2.5
[DEBUG]   Included: org.apache.maven.shared:maven-shared-incremental:jar:1.1
[DEBUG]   Included: org.codehaus.plexus:plexus-java:jar:0.9.10
[DEBUG]   Included: org.ow2.asm:asm:jar:6.2
[DEBUG]   Included: com.thoughtworks.qdox:qdox:jar:2.0-M9
[DEBUG]   Included: org.codehaus.plexus:plexus-compiler-api:jar:2.8.4
[DEBUG]   Included: org.codehaus.plexus:plexus-compiler-manager:jar:2.8.4
[DEBUG]   Included: org.codehaus.plexus:plexus-compiler-javac:jar:2.8.4
[DEBUG] Configuring mojo org.apache.maven.plugins:maven-compiler-plugin:3.8.0:compile from plugin realm ClassRealm[plugin>org.apache.maven.plugins:maven-compiler-plugin:3.8.0, parent: sun.misc.Launcher$AppClassLoader@4e25154f]
[DEBUG] Configuring mojo 'org.apache.maven.plugins:maven-compiler-plugin:3.8.0:compile' with basic configurator -->
[DEBUG]   (f) basedir = C:\Users\Rai Sigh\git\RRD_Opportunity\rrd
[DEBUG]   (f) buildDirectory = C:\Users\Rai Sigh\git\RRD_Opportunity\rrd\target
[DEBUG]   (f) compilePath = [C:\Users\Rai Sigh\git\RRD_Opportunity\rrd\target\classes, C:\Users\Rai Sigh\.m2\repository\commons-io\commons-io\2.7\commons-io-2.7.jar, C:\Users\Rai Sigh\.m2\repository\org\seleniumhq\selenium\selenium-java\3.141.59\selenium-java-3.141.59.jar, C:\Users\Rai Sigh\.m2\repository\org\seleniumhq\selenium\selenium-api\3.141.59\selenium-api-3.141.59.jar, C:\Users\Rai Sigh\.m2\repository\org\seleniumhq\selenium\selenium-chrome-driver\3.141.59\selenium-chrome-driver-3.141.59.jar, C:\Users\Rai Sigh\.m2\repository\org\seleniumhq\selenium\selenium-edge-driver\3.141.59\selenium-edge-driver-3.141.59.jar, C:\Users\Rai Sigh\.m2\repository\org\seleniumhq\selenium\selenium-firefox-driver\3.141.59\selenium-firefox-driver-3.141.59.jar, C:\Users\Rai Sigh\.m2\repository\org\seleniumhq\selenium\selenium-ie-driver\3.141.59\selenium-ie-driver-3.141.59.jar, C:\Users\Rai Sigh\.m2\repository\org\seleniumhq\selenium\selenium-opera-driver\3.141.59\selenium-opera-driver-3.141.59.jar, C:\Users\Rai Sigh\.m2\repository\org\seleniumhq\selenium\selenium-remote-driver\3.141.59\selenium-remote-driver-3.141.59.jar, C:\Users\Rai Sigh\.m2\repository\org\seleniumhq\selenium\selenium-safari-driver\3.141.59\selenium-safari-driver-3.141.59.jar, C:\Users\Rai Sigh\.m2\repository\org\seleniumhq\selenium\selenium-support\3.141.59\selenium-support-3.141.59.jar, C:\Users\Rai Sigh\.m2\repository\net\bytebuddy\byte-buddy\1.8.15\byte-buddy-1.8.15.jar, C:\Users\Rai Sigh\.m2\repository\org\apache\commons\commons-exec\1.3\commons-exec-1.3.jar, C:\Users\Rai Sigh\.m2\repository\com\google\guava\guava\25.0-jre\guava-25.0-jre.jar, C:\Users\Rai Sigh\.m2\repository\com\google\code\findbugs\jsr305\1.3.9\jsr305-1.3.9.jar, C:\Users\Rai Sigh\.m2\repository\org\checkerframework\checker-compat-qual\2.0.0\checker-compat-qual-2.0.0.jar, C:\Users\Rai Sigh\.m2\repository\com\google\errorprone\error_prone_annotations\2.1.3\error_prone_annotations-2.1.3.jar, C:\Users\Rai Sigh\.m2\repository\com\google\j2objc\j2objc-annotations\1.1\j2objc-annotations-1.1.jar, C:\Users\Rai Sigh\.m2\repository\org\codehaus\mojo\animal-sniffer-annotations\1.14\animal-sniffer-annotations-1.14.jar, C:\Users\Rai Sigh\.m2\repository\com\squareup\okhttp3\okhttp\3.11.0\okhttp-3.11.0.jar, C:\Users\Rai Sigh\.m2\repository\com\squareup\okio\okio\1.14.0\okio-1.14.0.jar, C:\Users\Rai Sigh\.m2\repository\com\relevantcodes\extentreports\2.41.2\extentreports-2.41.2.jar, C:\Users\Rai Sigh\.m2\repository\org\jsoup\jsoup\1.8.3\jsoup-1.8.3.jar, C:\Users\Rai Sigh\.m2\repository\org\xerial\sqlite-jdbc\3.8.11.1\sqlite-jdbc-3.8.11.1.jar, C:\Users\Rai Sigh\.m2\repository\org\freemarker\freemarker\2.3.23\freemarker-2.3.23.jar, C:\Users\Rai Sigh\.m2\repository\org\mongodb\mongodb-driver\3.0.4\mongodb-driver-3.0.4.jar, C:\Users\Rai Sigh\.m2\repository\org\mongodb\bson\3.0.4\bson-3.0.4.jar, C:\Users\Rai Sigh\.m2\repository\org\mongodb\mongodb-driver-core\3.0.4\mongodb-driver-core-3.0.4.jar, C:\Users\Rai Sigh\.m2\repository\org\apache\poi\poi\4.1.0\poi-4.1.0.jar, C:\Users\Rai Sigh\.m2\repository\commons-codec\commons-codec\1.12\commons-codec-1.12.jar, C:\Users\Rai Sigh\.m2\repository\org\apache\commons\commons-collections4\4.3\commons-collections4-4.3.jar, C:\Users\Rai Sigh\.m2\repository\org\apache\commons\commons-math3\3.6.1\commons-math3-3.6.1.jar, C:\Users\Rai Sigh\.m2\repository\org\apache\poi\poi-ooxml\4.1.0\poi-ooxml-4.1.0.jar, C:\Users\Rai Sigh\.m2\repository\org\apache\poi\poi-ooxml-schemas\4.1.0\poi-ooxml-schemas-4.1.0.jar, C:\Users\Rai Sigh\.m2\repository\org\apache\xmlbeans\xmlbeans\3.1.0\xmlbeans-3.1.0.jar, C:\Users\Rai Sigh\.m2\repository\org\apache\commons\commons-compress\1.18\commons-compress-1.18.jar, C:\Users\Rai Sigh\.m2\repository\com\github\virtuald\curvesapi\1.06\curvesapi-1.06.jar]
[DEBUG]   (f) compileSourceRoots = [C:\Users\Rai Sigh\git\RRD_Opportunity\rrd\src\main\java]
[DEBUG]   (f) compilerId = javac
[DEBUG]   (f) compilerVersion = 1.8
[DEBUG]   (f) debug = true
[DEBUG]   (f) encoding = UTF-8
[DEBUG]   (f) executable = C:\Program Files\Java\jdk1.8.0_202\jre
[DEBUG]   (f) failOnError = true
[DEBUG]   (f) failOnWarning = false
[DEBUG]   (f) forceJavacCompilerUse = false
[DEBUG]   (f) fork = true
[DEBUG]   (f) generatedSourcesDirectory = C:\Users\Rai Sigh\git\RRD_Opportunity\rrd\target\generated-sources\annotations
[DEBUG]   (f) mojoExecution = org.apache.maven.plugins:maven-compiler-plugin:3.8.0:compile {execution: default-compile}
[DEBUG]   (f) optimize = false
[DEBUG]   (f) outputDirectory = C:\Users\Rai Sigh\git\RRD_Opportunity\rrd\target\classes
[DEBUG]   (f) parameters = false
[DEBUG]   (f) project = MavenProject: com.mirketa.selenium:rrd:0.0.1-SNAPSHOT @ C:\Users\Rai Sigh\git\RRD_Opportunity\rrd\pom.xml
[DEBUG]   (f) projectArtifact = com.mirketa.selenium:rrd:jar:0.0.1-SNAPSHOT
[DEBUG]   (f) session = org.apache.maven.execution.MavenSession@70e0accd
[DEBUG]   (f) showDeprecation = false
[DEBUG]   (f) showWarnings = false
[DEBUG]   (f) skipMultiThreadWarning = false
[DEBUG]   (f) source = 1.8
[DEBUG]   (f) staleMillis = 0
[DEBUG]   (s) target = 1.8
[DEBUG]   (f) useIncrementalCompilation = true
[DEBUG]   (f) verbose = true
[DEBUG] -- end configuration --
[DEBUG] Using compiler 'javac'.
[DEBUG] Adding C:\Users\Rai Sigh\git\RRD_Opportunity\rrd\target\generated-sources\annotations to compile source roots:
  C:\Users\Rai Sigh\git\RRD_Opportunity\rrd\src\main\java
[DEBUG] New compile source roots:
  C:\Users\Rai Sigh\git\RRD_Opportunity\rrd\src\main\java
  C:\Users\Rai Sigh\git\RRD_Opportunity\rrd\target\generated-sources\annotations
[DEBUG] CompilerReuseStrategy: reuseCreated
[DEBUG] useIncrementalCompilation enabled
[DEBUG] Stale source detected: C:\Users\Rai Sigh\git\RRD_Opportunity\rrd\src\main\java\com\mirketa\factory\DataProviderFactory.java
[DEBUG] Stale source detected: C:\Users\Rai Sigh\git\RRD_Opportunity\rrd\src\main\java\com\mirketa\dataprovider\ConfigDataProvider.java
[DEBUG] Stale source detected: C:\Users\Rai Sigh\git\RRD_Opportunity\rrd\src\main\java\com\mirketa\pages\Online_Offline_UserTest.java
[DEBUG] Stale source detected: C:\Users\Rai Sigh\git\RRD_Opportunity\rrd\src\main\java\com\mirketa\pages\Accountpage.java
[DEBUG] Stale source detected: C:\Users\Rai Sigh\git\RRD_Opportunity\rrd\src\main\java\com\mirketa\factory\BrowserFactory.java
[DEBUG] Stale source detected: C:\Users\Rai Sigh\git\RRD_Opportunity\rrd\src\main\java\com\mirketa\pages\HomePage.java
[DEBUG] Stale source detected: C:\Users\Rai Sigh\git\RRD_Opportunity\rrd\src\main\java\com\mirketa\pages\RRDSearchpage.java
[DEBUG] Stale source detected: C:\Users\Rai Sigh\git\RRD_Opportunity\rrd\src\main\java\com\mirketa\pages\Delete_Allocations.java
[DEBUG] Stale source detected: C:\Users\Rai Sigh\git\RRD_Opportunity\rrd\src\main\java\com\mirketa\pages\SalesForceLoginPage.java
[DEBUG] Stale source detected: C:\Users\Rai Sigh\git\RRD_Opportunity\rrd\src\main\java\com\mirketa\utility\XpathGen.java
[DEBUG] Stale source detected: C:\Users\Rai Sigh\git\RRD_Opportunity\rrd\src\main\java\com\mirketa\dataprovider\ExcelsheetDataprovidertest.java
[DEBUG] Stale source detected: C:\Users\Rai Sigh\git\RRD_Opportunity\rrd\src\main\java\com\mirketa\pages\RRD_New_Case_page.java
[DEBUG] Stale source detected: C:\Users\Rai Sigh\git\RRD_Opportunity\rrd\src\main\java\com\mirketa\pages\TeamDetailspage.java
[DEBUG] Stale source detected: C:\Users\Rai Sigh\git\RRD_Opportunity\rrd\src\main\java\com\mirketa\pages\RRD_user_adding.java
[DEBUG] Stale source detected: C:\Users\Rai Sigh\git\RRD_Opportunity\rrd\src\main\java\com\mirketa\utility\Xls_Reader.java
[DEBUG] Stale source detected: C:\Users\Rai Sigh\git\RRD_Opportunity\rrd\src\main\java\com\mirketa\utility\Helper.java
[DEBUG] Stale source detected: C:\Users\Rai Sigh\git\RRD_Opportunity\rrd\src\main\java\com\mirketa\dataprovider\ExcelDataProvider.java
[DEBUG] Stale source detected: C:\Users\Rai Sigh\git\RRD_Opportunity\rrd\src\main\java\com\mirketa\dataprovider\ConfigSuites.java
[DEBUG] Stale source detected: C:\Users\Rai Sigh\git\RRD_Opportunity\rrd\src\main\java\com\mirketa\pages\TeamPage.java
[DEBUG] Stale source detected: C:\Users\Rai Sigh\git\RRD_Opportunity\rrd\src\main\java\com\mirketa\utility\SyncElement.java
[DEBUG] Stale source detected: C:\Users\Rai Sigh\git\RRD_Opportunity\rrd\src\main\java\com\mirketa\pages\contactPage.java
[DEBUG] Stale source detected: C:\Users\Rai Sigh\git\RRD_Opportunity\rrd\src\main\java\com\mirketa\pages\ManualDistributionPage.java
[DEBUG] Stale source detected: C:\Users\Rai Sigh\git\RRD_Opportunity\rrd\src\main\java\com\mirketa\pages\TeamNewCriteriapage.java
[DEBUG] Stale source detected: C:\Users\Rai Sigh\git\RRD_Opportunity\rrd\src\main\java\com\mirketa\pages\Step1ConfigurationPage.java
[DEBUG] Stale source detected: C:\Users\Rai Sigh\git\RRD_Opportunity\rrd\src\main\java\com\mirketa\pages\caseDetailspage.java
[INFO] Changes detected - recompiling the module!
[DEBUG] Classpath:
[DEBUG]  C:\Users\Rai Sigh\git\RRD_Opportunity\rrd\target\classes
[DEBUG]  C:\Users\Rai Sigh\.m2\repository\commons-io\commons-io\2.7\commons-io-2.7.jar
[DEBUG]  C:\Users\Rai Sigh\.m2\repository\org\seleniumhq\selenium\selenium-java\3.141.59\selenium-java-3.141.59.jar
[DEBUG]  C:\Users\Rai Sigh\.m2\repository\org\seleniumhq\selenium\selenium-api\3.141.59\selenium-api-3.141.59.jar
[DEBUG]  C:\Users\Rai Sigh\.m2\repository\org\seleniumhq\selenium\selenium-chrome-driver\3.141.59\selenium-chrome-driver-3.141.59.jar
[DEBUG]  C:\Users\Rai Sigh\.m2\repository\org\seleniumhq\selenium\selenium-edge-driver\3.141.59\selenium-edge-driver-3.141.59.jar
[DEBUG]  C:\Users\Rai Sigh\.m2\repository\org\seleniumhq\selenium\selenium-firefox-driver\3.141.59\selenium-firefox-driver-3.141.59.jar
[DEBUG]  C:\Users\Rai Sigh\.m2\repository\org\seleniumhq\selenium\selenium-ie-driver\3.141.59\selenium-ie-driver-3.141.59.jar
[DEBUG]  C:\Users\Rai Sigh\.m2\repository\org\seleniumhq\selenium\selenium-opera-driver\3.141.59\selenium-opera-driver-3.141.59.jar
[DEBUG]  C:\Users\Rai Sigh\.m2\repository\org\seleniumhq\selenium\selenium-remote-driver\3.141.59\selenium-remote-driver-3.141.59.jar
[DEBUG]  C:\Users\Rai Sigh\.m2\repository\org\seleniumhq\selenium\selenium-safari-driver\3.141.59\selenium-safari-driver-3.141.59.jar
[DEBUG]  C:\Users\Rai Sigh\.m2\repository\org\seleniumhq\selenium\selenium-support\3.141.59\selenium-support-3.141.59.jar
[DEBUG]  C:\Users\Rai Sigh\.m2\repository\net\bytebuddy\byte-buddy\1.8.15\byte-buddy-1.8.15.jar
[DEBUG]  C:\Users\Rai Sigh\.m2\repository\org\apache\commons\commons-exec\1.3\commons-exec-1.3.jar
[DEBUG]  C:\Users\Rai Sigh\.m2\repository\com\google\guava\guava\25.0-jre\guava-25.0-jre.jar
[DEBUG]  C:\Users\Rai Sigh\.m2\repository\com\google\code\findbugs\jsr305\1.3.9\jsr305-1.3.9.jar
[DEBUG]  C:\Users\Rai Sigh\.m2\repository\org\checkerframework\checker-compat-qual\2.0.0\checker-compat-qual-2.0.0.jar
[DEBUG]  C:\Users\Rai Sigh\.m2\repository\com\google\errorprone\error_prone_annotations\2.1.3\error_prone_annotations-2.1.3.jar
[DEBUG]  C:\Users\Rai Sigh\.m2\repository\com\google\j2objc\j2objc-annotations\1.1\j2objc-annotations-1.1.jar
[DEBUG]  C:\Users\Rai Sigh\.m2\repository\org\codehaus\mojo\animal-sniffer-annotations\1.14\animal-sniffer-annotations-1.14.jar
[DEBUG]  C:\Users\Rai Sigh\.m2\repository\com\squareup\okhttp3\okhttp\3.11.0\okhttp-3.11.0.jar
[DEBUG]  C:\Users\Rai Sigh\.m2\repository\com\squareup\okio\okio\1.14.0\okio-1.14.0.jar
[DEBUG]  C:\Users\Rai Sigh\.m2\repository\com\relevantcodes\extentreports\2.41.2\extentreports-2.41.2.jar
[DEBUG]  C:\Users\Rai Sigh\.m2\repository\org\jsoup\jsoup\1.8.3\jsoup-1.8.3.jar
[DEBUG]  C:\Users\Rai Sigh\.m2\repository\org\xerial\sqlite-jdbc\3.8.11.1\sqlite-jdbc-3.8.11.1.jar
[DEBUG]  C:\Users\Rai Sigh\.m2\repository\org\freemarker\freemarker\2.3.23\freemarker-2.3.23.jar
[DEBUG]  C:\Users\Rai Sigh\.m2\repository\org\mongodb\mongodb-driver\3.0.4\mongodb-driver-3.0.4.jar
[DEBUG]  C:\Users\Rai Sigh\.m2\repository\org\mongodb\bson\3.0.4\bson-3.0.4.jar
[DEBUG]  C:\Users\Rai Sigh\.m2\repository\org\mongodb\mongodb-driver-core\3.0.4\mongodb-driver-core-3.0.4.jar
[DEBUG]  C:\Users\Rai Sigh\.m2\repository\org\apache\poi\poi\4.1.0\poi-4.1.0.jar
[DEBUG]  C:\Users\Rai Sigh\.m2\repository\commons-codec\commons-codec\1.12\commons-codec-1.12.jar
[DEBUG]  C:\Users\Rai Sigh\.m2\repository\org\apache\commons\commons-collections4\4.3\commons-collections4-4.3.jar
[DEBUG]  C:\Users\Rai Sigh\.m2\repository\org\apache\commons\commons-math3\3.6.1\commons-math3-3.6.1.jar
[DEBUG]  C:\Users\Rai Sigh\.m2\repository\org\apache\poi\poi-ooxml\4.1.0\poi-ooxml-4.1.0.jar
[DEBUG]  C:\Users\Rai Sigh\.m2\repository\org\apache\poi\poi-ooxml-schemas\4.1.0\poi-ooxml-schemas-4.1.0.jar
[DEBUG]  C:\Users\Rai Sigh\.m2\repository\org\apache\xmlbeans\xmlbeans\3.1.0\xmlbeans-3.1.0.jar
[DEBUG]  C:\Users\Rai Sigh\.m2\repository\org\apache\commons\commons-compress\1.18\commons-compress-1.18.jar
[DEBUG]  C:\Users\Rai Sigh\.m2\repository\com\github\virtuald\curvesapi\1.06\curvesapi-1.06.jar
[DEBUG] Source roots:
[DEBUG]  C:\Users\Rai Sigh\git\RRD_Opportunity\rrd\src\main\java
[DEBUG]  C:\Users\Rai Sigh\git\RRD_Opportunity\rrd\target\generated-sources\annotations
[DEBUG] Excutable: 
[DEBUG]  C:\Program Files\Java\jdk1.8.0_202\jre
[DEBUG] Command line options:
[DEBUG] -d C:\Users\Rai Sigh\git\RRD_Opportunity\rrd\target\classes -classpath C:\Users\Rai Sigh\git\RRD_Opportunity\rrd\target\classes;C:\Users\Rai Sigh\.m2\repository\commons-io\commons-io\2.7\commons-io-2.7.jar;C:\Users\Rai Sigh\.m2\repository\org\seleniumhq\selenium\selenium-java\3.141.59\selenium-java-3.141.59.jar;C:\Users\Rai Sigh\.m2\repository\org\seleniumhq\selenium\selenium-api\3.141.59\selenium-api-3.141.59.jar;C:\Users\Rai Sigh\.m2\repository\org\seleniumhq\selenium\selenium-chrome-driver\3.141.59\selenium-chrome-driver-3.141.59.jar;C:\Users\Rai Sigh\.m2\repository\org\seleniumhq\selenium\selenium-edge-driver\3.141.59\selenium-edge-driver-3.141.59.jar;C:\Users\Rai Sigh\.m2\repository\org\seleniumhq\selenium\selenium-firefox-driver\3.141.59\selenium-firefox-driver-3.141.59.jar;C:\Users\Rai Sigh\.m2\repository\org\seleniumhq\selenium\selenium-ie-driver\3.141.59\selenium-ie-driver-3.141.59.jar;C:\Users\Rai Sigh\.m2\repository\org\seleniumhq\selenium\selenium-opera-driver\3.141.59\selenium-opera-driver-3.141.59.jar;C:\Users\Rai Sigh\.m2\repository\org\seleniumhq\selenium\selenium-remote-driver\3.141.59\selenium-remote-driver-3.141.59.jar;C:\Users\Rai Sigh\.m2\repository\org\seleniumhq\selenium\selenium-safari-driver\3.141.59\selenium-safari-driver-3.141.59.jar;C:\Users\Rai Sigh\.m2\repository\org\seleniumhq\selenium\selenium-support\3.141.59\selenium-support-3.141.59.jar;C:\Users\Rai Sigh\.m2\repository\net\bytebuddy\byte-buddy\1.8.15\byte-buddy-1.8.15.jar;C:\Users\Rai Sigh\.m2\repository\org\apache\commons\commons-exec\1.3\commons-exec-1.3.jar;C:\Users\Rai Sigh\.m2\repository\com\google\guava\guava\25.0-jre\guava-25.0-jre.jar;C:\Users\Rai Sigh\.m2\repository\com\google\code\findbugs\jsr305\1.3.9\jsr305-1.3.9.jar;C:\Users\Rai Sigh\.m2\repository\org\checkerframework\checker-compat-qual\2.0.0\checker-compat-qual-2.0.0.jar;C:\Users\Rai Sigh\.m2\repository\com\google\errorprone\error_prone_annotations\2.1.3\error_prone_annotations-2.1.3.jar;C:\Users\Rai Sigh\.m2\repository\com\google\j2objc\j2objc-annotations\1.1\j2objc-annotations-1.1.jar;C:\Users\Rai Sigh\.m2\repository\org\codehaus\mojo\animal-sniffer-annotations\1.14\animal-sniffer-annotations-1.14.jar;C:\Users\Rai Sigh\.m2\repository\com\squareup\okhttp3\okhttp\3.11.0\okhttp-3.11.0.jar;C:\Users\Rai Sigh\.m2\repository\com\squareup\okio\okio\1.14.0\okio-1.14.0.jar;C:\Users\Rai Sigh\.m2\repository\com\relevantcodes\extentreports\2.41.2\extentreports-2.41.2.jar;C:\Users\Rai Sigh\.m2\repository\org\jsoup\jsoup\1.8.3\jsoup-1.8.3.jar;C:\Users\Rai Sigh\.m2\repository\org\xerial\sqlite-jdbc\3.8.11.1\sqlite-jdbc-3.8.11.1.jar;C:\Users\Rai Sigh\.m2\repository\org\freemarker\freemarker\2.3.23\freemarker-2.3.23.jar;C:\Users\Rai Sigh\.m2\repository\org\mongodb\mongodb-driver\3.0.4\mongodb-driver-3.0.4.jar;C:\Users\Rai Sigh\.m2\repository\org\mongodb\bson\3.0.4\bson-3.0.4.jar;C:\Users\Rai Sigh\.m2\repository\org\mongodb\mongodb-driver-core\3.0.4\mongodb-driver-core-3.0.4.jar;C:\Users\Rai Sigh\.m2\repository\org\apache\poi\poi\4.1.0\poi-4.1.0.jar;C:\Users\Rai Sigh\.m2\repository\commons-codec\commons-codec\1.12\commons-codec-1.12.jar;C:\Users\Rai Sigh\.m2\repository\org\apache\commons\commons-collections4\4.3\commons-collections4-4.3.jar;C:\Users\Rai Sigh\.m2\repository\org\apache\commons\commons-math3\3.6.1\commons-math3-3.6.1.jar;C:\Users\Rai Sigh\.m2\repository\org\apache\poi\poi-ooxml\4.1.0\poi-ooxml-4.1.0.jar;C:\Users\Rai Sigh\.m2\repository\org\apache\poi\poi-ooxml-schemas\4.1.0\poi-ooxml-schemas-4.1.0.jar;C:\Users\Rai Sigh\.m2\repository\org\apache\xmlbeans\xmlbeans\3.1.0\xmlbeans-3.1.0.jar;C:\Users\Rai Sigh\.m2\repository\org\apache\commons\commons-compress\1.18\commons-compress-1.18.jar;C:\Users\Rai Sigh\.m2\repository\com\github\virtuald\curvesapi\1.06\curvesapi-1.06.jar; -sourcepath C:\Users\Rai Sigh\git\RRD_Opportunity\rrd\src\main\java;C:\Users\Rai Sigh\git\RRD_Opportunity\rrd\target\generated-sources\annotations; C:\Users\Rai Sigh\git\RRD_Opportunity\rrd\src\main\java\com\mirketa\utility\Xls_Reader.java C:\Users\Rai Sigh\git\RRD_Opportunity\rrd\src\main\java\com\mirketa\pages\caseDetailspage.java C:\Users\Rai Sigh\git\RRD_Opportunity\rrd\src\main\java\com\mirketa\pages\RRD_New_Case_page.java C:\Users\Rai Sigh\git\RRD_Opportunity\rrd\src\main\java\com\mirketa\utility\XpathGen.java C:\Users\Rai Sigh\git\RRD_Opportunity\rrd\src\main\java\com\mirketa\pages\Online_Offline_UserTest.java C:\Users\Rai Sigh\git\RRD_Opportunity\rrd\src\main\java\com\mirketa\dataprovider\ConfigSuites.java C:\Users\Rai Sigh\git\RRD_Opportunity\rrd\src\main\java\com\mirketa\pages\Delete_Allocations.java C:\Users\Rai Sigh\git\RRD_Opportunity\rrd\src\main\java\com\mirketa\pages\Step1ConfigurationPage.java C:\Users\Rai Sigh\git\RRD_Opportunity\rrd\src\main\java\com\mirketa\factory\DataProviderFactory.java C:\Users\Rai Sigh\git\RRD_Opportunity\rrd\src\main\java\com\mirketa\pages\RRD_user_adding.java C:\Users\Rai Sigh\git\RRD_Opportunity\rrd\src\main\java\com\mirketa\pages\RRDSearchpage.java C:\Users\Rai Sigh\git\RRD_Opportunity\rrd\src\main\java\com\mirketa\pages\contactPage.java C:\Users\Rai Sigh\git\RRD_Opportunity\rrd\src\main\java\com\mirketa\pages\TeamNewCriteriapage.java C:\Users\Rai Sigh\git\RRD_Opportunity\rrd\src\main\java\com\mirketa\factory\BrowserFactory.java C:\Users\Rai Sigh\git\RRD_Opportunity\rrd\src\main\java\com\mirketa\utility\Helper.java C:\Users\Rai Sigh\git\RRD_Opportunity\rrd\src\main\java\com\mirketa\pages\SalesForceLoginPage.java C:\Users\Rai Sigh\git\RRD_Opportunity\rrd\src\main\java\com\mirketa\dataprovider\ExcelDataProvider.java C:\Users\Rai Sigh\git\RRD_Opportunity\rrd\src\main\java\com\mirketa\pages\ManualDistributionPage.java C:\Users\Rai Sigh\git\RRD_Opportunity\rrd\src\main\java\com\mirketa\dataprovider\ExcelsheetDataprovidertest.java C:\Users\Rai Sigh\git\RRD_Opportunity\rrd\src\main\java\com\mirketa\pages\TeamPage.java C:\Users\Rai Sigh\git\RRD_Opportunity\rrd\src\main\java\com\mirketa\pages\TeamDetailspage.java C:\Users\Rai Sigh\git\RRD_Opportunity\rrd\src\main\java\com\mirketa\pages\Accountpage.java C:\Users\Rai Sigh\git\RRD_Opportunity\rrd\src\main\java\com\mirketa\pages\HomePage.java C:\Users\Rai Sigh\git\RRD_Opportunity\rrd\src\main\java\com\mirketa\utility\SyncElement.java C:\Users\Rai Sigh\git\RRD_Opportunity\rrd\src\main\java\com\mirketa\dataprovider\ConfigDataProvider.java -s C:\Users\Rai Sigh\git\RRD_Opportunity\rrd\target\generated-sources\annotations -g -verbose -nowarn -target 1.8 -source 1.8 -encoding UTF-8
[DEBUG] incrementalBuildHelper#beforeRebuildExecution
[INFO] Compiling 25 source files to C:\Users\Rai Sigh\git\RRD_Opportunity\rrd\target\classes
[DEBUG] incrementalBuildHelper#afterRebuildExecution
[INFO] ------------------------------------------------------------------------
[INFO] BUILD FAILURE
[INFO] ------------------------------------------------------------------------
[INFO] Total time:  0.906 s
[INFO] Finished at: 2020-09-25T16:24:12+05:30
[INFO] ------------------------------------------------------------------------
[ERROR] Failed to execute goal org.apache.maven.plugins:maven-compiler-plugin:3.8.0:compile (default-compile) on project rrd: Compilation failure -> [Help 1]
org.apache.maven.lifecycle.LifecycleExecutionException: Failed to execute goal org.apache.maven.plugins:maven-compiler-plugin:3.8.0:compile (default-compile) on project rrd: Compilation failure
    at org.apache.maven.lifecycle.internal.MojoExecutor.execute (MojoExecutor.java:215)
    at org.apache.maven.lifecycle.internal.MojoExecutor.execute (MojoExecutor.java:156)
    at org.apache.maven.lifecycle.internal.MojoExecutor.execute (MojoExecutor.java:148)
    at org.apache.maven.lifecycle.internal.LifecycleModuleBuilder.buildProject (LifecycleModuleBuilder.java:117)
    at org.apache.maven.lifecycle.internal.LifecycleModuleBuilder.buildProject (LifecycleModuleBuilder.java:81)
    at org.apache.maven.lifecycle.internal.builder.singlethreaded.SingleThreadedBuilder.build (SingleThreadedBuilder.java:56)
    at org.apache.maven.lifecycle.internal.LifecycleStarter.execute (LifecycleStarter.java:128)
    at org.apache.maven.DefaultMaven.doExecute (DefaultMaven.java:305)
    at org.apache.maven.DefaultMaven.doExecute (DefaultMaven.java:192)
    at org.apache.maven.DefaultMaven.execute (DefaultMaven.java:105)
    at org.apache.maven.cli.MavenCli.execute (MavenCli.java:957)
    at org.apache.maven.cli.MavenCli.doMain (MavenCli.java:289)
    at org.apache.maven.cli.MavenCli.main (MavenCli.java:193)
    at sun.reflect.NativeMethodAccessorImpl.invoke0 (Native Method)
    at sun.reflect.NativeMethodAccessorImpl.invoke (NativeMethodAccessorImpl.java:62)
    at sun.reflect.DelegatingMethodAccessorImpl.invoke (DelegatingMethodAccessorImpl.java:43)
    at java.lang.reflect.Method.invoke (Method.java:498)
    at org.codehaus.plexus.classworlds.launcher.Launcher.launchEnhanced (Launcher.java:282)
    at org.codehaus.plexus.classworlds.launcher.Launcher.launch (Launcher.java:225)
    at org.codehaus.plexus.classworlds.launcher.Launcher.mainWithExitCode (Launcher.java:406)
    at org.codehaus.plexus.classworlds.launcher.Launcher.main (Launcher.java:347)
Caused by: org.apache.maven.plugin.compiler.CompilationFailureException: Compilation failure
    at org.apache.maven.plugin.compiler.AbstractCompilerMojo.execute (AbstractCompilerMojo.java:1219)
    at org.apache.maven.plugin.compiler.CompilerMojo.execute (CompilerMojo.java:188)
    at org.apache.maven.plugin.DefaultBuildPluginManager.executeMojo (DefaultBuildPluginManager.java:137)
    at org.apache.maven.lifecycle.internal.MojoExecutor.execute (MojoExecutor.java:210)
    at org.apache.maven.lifecycle.internal.MojoExecutor.execute (MojoExecutor.java:156)
    at org.apache.maven.lifecycle.internal.MojoExecutor.execute (MojoExecutor.java:148)
    at org.apache.maven.lifecycle.internal.LifecycleModuleBuilder.buildProject (LifecycleModuleBuilder.java:117)
    at org.apache.maven.lifecycle.internal.LifecycleModuleBuilder.buildProject (LifecycleModuleBuilder.java:81)
    at org.apache.maven.lifecycle.internal.builder.singlethreaded.SingleThreadedBuilder.build (SingleThreadedBuilder.java:56)
    at org.apache.maven.lifecycle.internal.LifecycleStarter.execute (LifecycleStarter.java:128)
    at org.apache.maven.DefaultMaven.doExecute (DefaultMaven.java:305)
    at org.apache.maven.DefaultMaven.doExecute (DefaultMaven.java:192)
    at org.apache.maven.DefaultMaven.execute (DefaultMaven.java:105)
    at org.apache.maven.cli.MavenCli.execute (MavenCli.java:957)
    at org.apache.maven.cli.MavenCli.doMain (MavenCli.java:289)
    at org.apache.maven.cli.MavenCli.main (MavenCli.java:193)
    at sun.reflect.NativeMethodAccessorImpl.invoke0 (Native Method)
    at sun.reflect.NativeMethodAccessorImpl.invoke (NativeMethodAccessorImpl.java:62)
    at sun.reflect.DelegatingMethodAccessorImpl.invoke (DelegatingMethodAccessorImpl.java:43)
    at java.lang.reflect.Method.invoke (Method.java:498)
    at org.codehaus.plexus.classworlds.launcher.Launcher.launchEnhanced (Launcher.java:282)
    at org.codehaus.plexus.classworlds.launcher.Launcher.launch (Launcher.java:225)
    at org.codehaus.plexus.classworlds.launcher.Launcher.mainWithExitCode (Launcher.java:406)
    at org.codehaus.plexus.classworlds.launcher.Launcher.main (Launcher.java:347)
[ERROR] 
[ERROR] 
[ERROR] For more information about the errors and possible solutions, please read the following articles:
[ERROR] [Help 1] http://cwiki.apache.org/confluence/display/MAVEN/MojoFailureException
